[Wed, 12 Jun 2013 14:43:13 GMT] INFO Server starting with config: {
  "environment": "development",
  "workers": 1,
  "port": 3000,
  "spdy": null,
  "ssl": null,
  "debug": true,
  "rotateWorkers": false,
  "rotationWindow": 7200000,
  "rotationTimeout": 300000,
  "logDir": "C:\\Users\\jsocorro\\Documents\\GitHub\\AbcaTSH\\abca3\\log",
  "gracefulShutdownTimeout": 30000,
  "heartbeatInterval": 5000,
  "heartbeatWindow": 20000,
  "staticFilePath": "C:\\Users\\jsocorro\\Documents\\GitHub\\AbcaTSH\\abca3\\public",
  "sessions": {
    "store": "memory",
    "key": "sid",
    "expiry": 1209600
  },
  "cookieSessionKey": "sdata",
  "i18n": {
    "defaultLocale": "en-us",
    "loadPaths": [
      "C:\\Users\\jsocorro\\Documents\\GitHub\\AbcaTSH\\abca3\\config\\locales"
    ]
  },
  "hostname": null,
  "fullHostname": null,
  "connectCompatibility": false,
  "detailedErrors": true,
  "model": {
    "defaultAdapter": "postgres"
  },
  "db": {
    "postgresql": {
      "user": "postgres",
      "database": "hack",
      "password": "abca1234",
      "host": "localhost",
      "port": 5432
    }
  }
}
[Wed, 12 Jun 2013 14:43:13 GMT] INFO Creating 1 worker process.
[Wed, 12 Jun 2013 14:43:13 GMT] INFO Server worker running in development on port 3000 with a PID of: 12920
